<?xml version="1.0" encoding="UTF-8"?>
<testsuite name="WorkerTest" tests="3" skipped="0" failures="0" errors="0" timestamp="2018-10-22T22:50:37" hostname="LAPTOP-MA8FJ7HA" time="7.135">
  <properties/>
  <testcase name="testWorkerNum[0]" classname="WorkerTest" time="2.608"/>
  <testcase name="testWorkerNum[1]" classname="WorkerTest" time="2.217"/>
  <testcase name="testWorkerNum[2]" classname="WorkerTest" time="2.309"/>
  <system-out><![CDATA[In the mastersocket thread
In the workersocket thread
closing worker socket thread
master socket closed
PID 10396
Connection made with PID = 10396
Closing worker cause no file
Closing socket
In the mastersocket thread
In the workersocket thread
closing worker socket thread
PID 13128
Connection made with PID = 13128
Closing worker cause no file
Closing socket
master socket closed
PID 12696
Connection made with PID = 12696
Closing worker cause no file
Closing socket
PID 8588
In the mastersocket thread
Connection made with PID = 8588
Closing worker cause no file
Closing socket
In the workersocket thread
closing worker socket thread
PID 9412
Connection made with PID = 9412
Closing worker cause no file
Closing socket
PID 8752
Connection made with PID = 8752
Closing worker cause no file
Closing socket
master socket closed
]]></system-out>
  <system-err><![CDATA[]]></system-err>
</testsuite>
